[preview.keenthemes.com/metronic8/demo1/dashboards/logistics.html]
[backblue.gif]
[fade.gif]
[index.html]
[preview.keenthemes.com/metronic8/demo1/assets/media/logos/favicon.ico]
[preview.keenthemes.com/metronic8/demo1/assets/plugins/custom/datatables/datatables.bundle.css]
[preview.keenthemes.com/metronic8/demo1/assets/plugins/custom/vis-timeline/vis-timeline.bundle.css]
[preview.keenthemes.com/metronic8/demo1/assets/plugins/global/plugins.bundle.css]
[preview.keenthemes.com/metronic8/demo1/assets/css/style.bundle.css]
[preview.keenthemes.com/metronic8/demo1/dashboards/ecommerce.html]
[preview.keenthemes.com/metronic8/demo1/dashboards/projects.html]
[preview.keenthemes.com/metronic8/demo1/dashboards/online-courses.html]
[preview.keenthemes.com/metronic8/demo1/dashboards/marketing.html]
[preview.keenthemes.com/metronic8/demo1/dashboards/bidding.html]
[preview.keenthemes.com/metronic8/demo1/dashboards/pos.html]
[preview.keenthemes.com/metronic8/demo1/dashboards/call-center.html]
[preview.keenthemes.com/metronic8/demo1/dashboards/website-analytics.html]
[preview.keenthemes.com/metronic8/demo1/dashboards/finance-performance.html]
[preview.keenthemes.com/metronic8/demo1/dashboards/store-analytics.html]
[preview.keenthemes.com/metronic8/demo1/dashboards/social.html]
[preview.keenthemes.com/metronic8/demo1/dashboards/delivery.html]
[preview.keenthemes.com/metronic8/demo1/dashboards/crypto.html]
[preview.keenthemes.com/metronic8/demo1/dashboards/school.html]
[preview.keenthemes.com/metronic8/demo1/dashboards/podcast.html]
[preview.keenthemes.com/metronic8/demo1/assets/media/stock/600x600/img-82.jpg]
[preview.keenthemes.com/metronic8/demo1/assets/media/stock/900x600/46.jpg]
[preview.keenthemes.com/metronic8/demo1/assets/media/stock/600x600/img-84.jpg]
[preview.keenthemes.com/metronic8/demo1/assets/media/stock/900x600/44.jpg]
[preview.keenthemes.com/metronic8/demo1/assets/media/stock/900x600/45.jpg]
[preview.keenthemes.com/metronic8/demo1/assets/media/avatars/300-6.jpg]
[preview.keenthemes.com/metronic8/demo1/assets/media/avatars/300-2.jpg]
[preview.keenthemes.com/metronic8/demo1/assets/media/avatars/300-9.jpg]
[preview.keenthemes.com/metronic8/demo1/assets/media/avatars/300-14.jpg]
[preview.keenthemes.com/metronic8/demo1/assets/media/avatars/300-11.jpg]
[preview.keenthemes.com/metronic8/demo1/assets/media/misc/menu-header-bg.jpg]
[preview.keenthemes.com/metronic8/demo1/assets/media/illustrations/sketchy-1/1.png]
[preview.keenthemes.com/metronic8/demo1/assets/media/avatars/300-1.jpg]
[preview.keenthemes.com/metronic8/demo1/assets/media/avatars/300-12.jpg]
[preview.keenthemes.com/metronic8/demo1/assets/media/misc/layout/customizer-header-bg.jpg]
[preview.keenthemes.com/metronic8/demo1/assets/media/preview/demos/demo1/light-ltr.png]
[preview.keenthemes.com/metronic8/demo1/assets/media/preview/demos/demo1/dark-ltr.png]
[preview.keenthemes.com/metronic8/demo1/assets/media/misc/layout/dark-sidebar.png]
[preview.keenthemes.com/metronic8/demo1/assets/media/misc/layout/light-sidebar.png]
[preview.keenthemes.com/metronic8/demo1/assets/media/misc/layout/dark-header.png]
[preview.keenthemes.com/metronic8/demo1/assets/media/misc/layout/light-header.png]
[preview.keenthemes.com/metronic8/demo1/assets/media/avatars/300-20.jpg]
[preview.keenthemes.com/metronic8/demo1/assets/media/avatars/300-23.jpg]
[preview.keenthemes.com/metronic8/demo1/assets/media/stock/600x400/img-29.jpg]
[preview.keenthemes.com/metronic8/demo1/assets/media/stock/600x400/img-31.jpg]
[preview.keenthemes.com/metronic8/demo1/assets/media/stock/600x400/img-40.jpg]
[preview.keenthemes.com/metronic8/demo1/assets/media/avatars/300-4.jpg]
[preview.keenthemes.com/metronic8/demo1/assets/media/avatars/300-25.jpg]
[preview.keenthemes.com/metronic8/demo1/assets/media/stock/600x400/img-1.jpg]
[preview.keenthemes.com/metronic8/demo1/assets/media/stock/600x400/img-3.jpg]
[preview.keenthemes.com/metronic8/demo1/assets/media/stock/600x400/img-8.jpg]
[preview.keenthemes.com/metronic8/demo1/assets/media/stock/600x400/img-26.jpg]
[preview.keenthemes.com/metronic8/demo1/assets/media/stock/600x400/img-21.jpg]
[preview.keenthemes.com/metronic8/demo1/assets/media/stock/600x400/img-34.jpg]
[preview.keenthemes.com/metronic8/demo1/assets/media/stock/600x400/img-27.jpg]
[preview.keenthemes.com/metronic8/demo1/assets/media/preview/demos/placeholder.jpg]
[preview.keenthemes.com/metronic8/demo1/assets/media/preview/prebuilts/demos/demo1.png]
[preview.keenthemes.com/metronic8/demo1/assets/media/preview/prebuilts/demos/demo2.png]
[preview.keenthemes.com/metronic8/demo1/assets/media/preview/prebuilts/demos/demo30.png]
[preview.keenthemes.com/metronic8/demo1/assets/media/preview/prebuilts/demos/demo39.png]
[preview.keenthemes.com/metronic8/demo1/assets/media/preview/prebuilts/demos/demo31.png]
[preview.keenthemes.com/metronic8/demo1/assets/media/preview/prebuilts/demos/demo27.png]
[preview.keenthemes.com/metronic8/demo1/assets/media/preview/prebuilts/demos/demo6.png]
[preview.keenthemes.com/metronic8/demo1/assets/media/preview/prebuilts/demos/demo3.png]
[preview.keenthemes.com/metronic8/demo1/assets/media/preview/prebuilts/demos/demo23.png]
[preview.keenthemes.com/metronic8/demo1/assets/media/preview/prebuilts/demos/demo38.png]
[preview.keenthemes.com/metronic8/demo1/assets/media/preview/prebuilts/demos/demo36.png]
[preview.keenthemes.com/metronic8/demo1/assets/media/preview/prebuilts/demos/demo10.png]
[preview.keenthemes.com/metronic8/demo1/assets/media/preview/prebuilts/demos/demo35.png]
[preview.keenthemes.com/metronic8/demo1/assets/media/preview/prebuilts/demos/demo8.png]
[preview.keenthemes.com/metronic8/demo1/assets/media/preview/prebuilts/demos/demo25.png]
[preview.keenthemes.com/metronic8/demo1/assets/media/preview/prebuilts/demos/demo20.png]
[preview.keenthemes.com/metronic8/demo1/assets/media/preview/prebuilts/demos/demo7.png]
[preview.keenthemes.com/metronic8/demo1/assets/media/preview/prebuilts/demos/demo50.png]
[preview.keenthemes.com/metronic8/demo1/assets/media/preview/prebuilts/demos/demo32.png]
[preview.keenthemes.com/metronic8/demo1/assets/media/preview/prebuilts/demos/demo42.png]
[preview.keenthemes.com/metronic8/demo1/assets/media/preview/prebuilts/demos/demo44.png]
[preview.keenthemes.com/metronic8/demo1/assets/media/preview/prebuilts/demos/demo33.png]
[preview.keenthemes.com/metronic8/demo1/assets/media/preview/prebuilts/demos/demo37.png]
[preview.keenthemes.com/metronic8/demo1/assets/media/preview/prebuilts/demos/demo11.png]
[preview.keenthemes.com/metronic8/demo1/assets/media/preview/prebuilts/demos/demo16.png]
[preview.keenthemes.com/metronic8/demo1/assets/media/preview/prebuilts/demos/demo26.png]
[preview.keenthemes.com/metronic8/demo1/assets/media/preview/prebuilts/demos/demo22.png]
[preview.keenthemes.com/metronic8/demo1/assets/media/preview/prebuilts/demos/demo19.png]
[preview.keenthemes.com/metronic8/demo1/assets/media/preview/prebuilts/demos/demo40.png]
[preview.keenthemes.com/metronic8/demo1/assets/media/preview/prebuilts/demos/demo29.png]
[preview.keenthemes.com/metronic8/demo1/assets/media/preview/prebuilts/demos/demo24.png]
[preview.keenthemes.com/metronic8/demo1/assets/media/preview/prebuilts/demos/demo4.png]
[preview.keenthemes.com/metronic8/demo1/assets/media/preview/prebuilts/demos/demo41.png]
[preview.keenthemes.com/metronic8/demo1/assets/media/preview/prebuilts/demos/demo18.png]
[preview.keenthemes.com/metronic8/demo1/assets/media/preview/prebuilts/demos/demo21.png]
[preview.keenthemes.com/metronic8/demo1/assets/media/preview/prebuilts/demos/demo34.png]
[preview.keenthemes.com/metronic8/demo1/assets/media/preview/prebuilts/demos/demo15.png]
[preview.keenthemes.com/metronic8/demo1/assets/media/preview/prebuilts/demos/demo14.png]
[preview.keenthemes.com/metronic8/demo1/assets/media/preview/prebuilts/demos/demo9.png]
[preview.keenthemes.com/metronic8/demo1/assets/media/preview/prebuilts/demos/demo5.png]
[preview.keenthemes.com/metronic8/demo1/assets/media/preview/prebuilts/demos/demo13.png]
[preview.keenthemes.com/metronic8/demo1/assets/media/preview/prebuilts/demos/demo12.png]
[preview.keenthemes.com/metronic8/demo1/assets/media/preview/prebuilts/demos/demo48.png]
[preview.keenthemes.com/metronic8/demo1/assets/media/preview/prebuilts/demos/demo28.png]
[preview.keenthemes.com/metronic8/demo1/assets/media/preview/prebuilts/demos/demo17.png]
[preview.keenthemes.com/metronic8/demo1/assets/media/preview/prebuilts/demos/demo49.png]
[preview.keenthemes.com/metronic8/demo1/assets/media/preview/prebuilts/demos/demo43.png]
[preview.keenthemes.com/metronic8/demo1/assets/media/preview/prebuilts/demos/demo45.png]
[preview.keenthemes.com/metronic8/demo1/assets/media/preview/prebuilts/demos/demo47.png]
[preview.keenthemes.com/metronic8/demo1/assets/media/preview/prebuilts/demos/demo46.png]
[preview.keenthemes.com/metronic8/demo1/assets/media/preview/prebuilts/dashboards/multipurpose-demo1.png]
[preview.keenthemes.com/metronic8/demo1/assets/media/preview/prebuilts/dashboards/marketing.png]
[preview.keenthemes.com/metronic8/demo1/assets/media/preview/prebuilts/dashboards/social.png]
[preview.keenthemes.com/metronic8/demo1/assets/media/preview/prebuilts/dashboards/ecommerce.png]
[preview.keenthemes.com/metronic8/demo1/assets/media/preview/prebuilts/dashboards/store-analytics.png]
[preview.keenthemes.com/metronic8/demo1/assets/media/preview/prebuilts/dashboards/logistics.png]
[preview.keenthemes.com/metronic8/demo1/assets/media/preview/prebuilts/dashboards/delivery.png]
[preview.keenthemes.com/metronic8/demo1/assets/media/preview/prebuilts/dashboards/online-courses.png]
[preview.keenthemes.com/metronic8/demo1/assets/media/preview/prebuilts/dashboards/school.png]
[preview.keenthemes.com/metronic8/demo1/assets/media/preview/prebuilts/dashboards/crypto.png]
[preview.keenthemes.com/metronic8/demo1/assets/media/preview/prebuilts/dashboards/finance-performance.png]
[preview.keenthemes.com/metronic8/demo1/assets/media/preview/prebuilts/dashboards/website-analytics.png]
[preview.keenthemes.com/metronic8/demo1/assets/media/preview/prebuilts/dashboards/bidding.png]
[preview.keenthemes.com/metronic8/demo1/assets/media/preview/prebuilts/dashboards/podcast.png]
[preview.keenthemes.com/metronic8/demo1/assets/media/preview/prebuilts/dashboards/projects.png]
[preview.keenthemes.com/metronic8/demo1/assets/media/preview/prebuilts/dashboards/call-center.png]
[preview.keenthemes.com/metronic8/demo1/assets/media/preview/prebuilts/dashboards/pos.png]
[preview.keenthemes.com/metronic8/demo1/assets/media/preview/prebuilts/apps/projects.png]
[preview.keenthemes.com/metronic8/demo1/assets/media/preview/prebuilts/apps/ecommerce.png]
[preview.keenthemes.com/metronic8/demo1/assets/media/preview/prebuilts/apps/customers.png]
[preview.keenthemes.com/metronic8/demo1/assets/media/preview/prebuilts/apps/subscriptions.png]
[preview.keenthemes.com/metronic8/demo1/assets/media/preview/prebuilts/apps/user-management.png]
[preview.keenthemes.com/metronic8/demo1/assets/media/preview/prebuilts/apps/invoices.png]
[preview.keenthemes.com/metronic8/demo1/assets/media/preview/prebuilts/apps/support-center.png]
[preview.keenthemes.com/metronic8/demo1/assets/media/preview/prebuilts/apps/chat.png]
[preview.keenthemes.com/metronic8/demo1/assets/media/preview/prebuilts/apps/calendar.png]
[preview.keenthemes.com/metronic8/demo1/assets/media/preview/prebuilts/apps/file-manager.png]
[preview.keenthemes.com/metronic8/demo1/assets/media/preview/prebuilts/apps/inbox.png]
[preview.keenthemes.com/metronic8/demo1/assets/media/preview/prebuilts/apps/contacts.png]
[preview.keenthemes.com/metronic8/demo1/assets/media/preview/prebuilts/pages/auth-corporate.png]
[preview.keenthemes.com/metronic8/demo1/assets/media/preview/prebuilts/pages/auth-creative.png]
[preview.keenthemes.com/metronic8/demo1/assets/media/preview/prebuilts/pages/auth-fancy.png]
[preview.keenthemes.com/metronic8/demo1/assets/media/preview/prebuilts/pages/auth-overlay.png]
[preview.keenthemes.com/metronic8/demo1/assets/media/preview/prebuilts/pages/auth-multistep.png]
[preview.keenthemes.com/metronic8/demo1/assets/media/preview/prebuilts/pages/auth-2factor.png]
[preview.keenthemes.com/metronic8/demo1/assets/media/preview/prebuilts/pages/auth-passwordchanged.png]
[preview.keenthemes.com/metronic8/demo1/assets/media/preview/prebuilts/pages/auth-verifyemail.png]
[preview.keenthemes.com/metronic8/demo1/assets/media/preview/prebuilts/pages/auth-welcome.png]
[preview.keenthemes.com/metronic8/demo1/assets/media/preview/prebuilts/pages/auth-comingsoon.png]
[preview.keenthemes.com/metronic8/demo1/assets/media/preview/prebuilts/pages/auth-accountdeactivated.png]
[preview.keenthemes.com/metronic8/demo1/assets/media/preview/prebuilts/pages/auth-404.png]
[preview.keenthemes.com/metronic8/demo1/assets/media/preview/prebuilts/pages/auth-500.png]
[preview.keenthemes.com/metronic8/demo1/assets/media/preview/prebuilts/pages/profile-overview.png]
[preview.keenthemes.com/metronic8/demo1/assets/media/preview/prebuilts/pages/profile-campaigns.png]
[preview.keenthemes.com/metronic8/demo1/assets/media/preview/prebuilts/pages/profile-documents.png]
[preview.keenthemes.com/metronic8/demo1/assets/media/preview/prebuilts/pages/profile-followers.png]
[preview.keenthemes.com/metronic8/demo1/assets/media/preview/prebuilts/pages/profile-activity.png]
[preview.keenthemes.com/metronic8/demo1/assets/media/preview/prebuilts/pages/corporate-aboutus.png]
[preview.keenthemes.com/metronic8/demo1/assets/media/preview/prebuilts/pages/corporate-contactus.png]
[preview.keenthemes.com/metronic8/demo1/assets/media/preview/prebuilts/pages/corporate-license.png]
[preview.keenthemes.com/metronic8/demo1/assets/media/preview/prebuilts/pages/corporate-ourteam.png]
[preview.keenthemes.com/metronic8/demo1/assets/media/preview/prebuilts/pages/corporate-sitemap.png]
[preview.keenthemes.com/metronic8/demo1/assets/media/preview/prebuilts/pages/social-activity.png]
[preview.keenthemes.com/metronic8/demo1/assets/media/preview/prebuilts/pages/social-feeds.png]
[preview.keenthemes.com/metronic8/demo1/assets/media/preview/prebuilts/pages/social-followers.png]
[preview.keenthemes.com/metronic8/demo1/assets/media/preview/prebuilts/pages/social-settings.png]
[preview.keenthemes.com/metronic8/demo1/assets/media/preview/prebuilts/pages/faq-classic.png]
[preview.keenthemes.com/metronic8/demo1/assets/media/preview/prebuilts/pages/faq-extended.png]
[preview.keenthemes.com/metronic8/demo1/assets/media/preview/prebuilts/pages/blog-home.png]
[preview.keenthemes.com/metronic8/demo1/assets/media/preview/prebuilts/pages/blog-post.png]
[preview.keenthemes.com/metronic8/demo1/assets/media/preview/prebuilts/pages/account-overview.png]
[preview.keenthemes.com/metronic8/demo1/assets/media/preview/prebuilts/pages/account-settings.png]
[preview.keenthemes.com/metronic8/demo1/assets/media/preview/prebuilts/pages/account-billing.png]
[preview.keenthemes.com/metronic8/demo1/assets/media/preview/prebuilts/pages/account-security.png]
[preview.keenthemes.com/metronic8/demo1/assets/media/preview/prebuilts/pages/account-referrals.png]
[preview.keenthemes.com/metronic8/demo1/assets/media/preview/prebuilts/pages/account-logs.png]
[preview.keenthemes.com/metronic8/demo1/assets/media/preview/prebuilts/pages/account-apikeys.png]
[preview.keenthemes.com/metronic8/demo1/assets/media/preview/prebuilts/pages/account-statements.png]
[preview.keenthemes.com/metronic8/demo1/assets/media/preview/prebuilts/pages/modal-viewfriends.png]
[preview.keenthemes.com/metronic8/demo1/assets/media/preview/prebuilts/pages/modal-upgradeplan.png]
[preview.keenthemes.com/metronic8/demo1/assets/media/preview/prebuilts/pages/modal-topupwallet.png]
[preview.keenthemes.com/metronic8/demo1/assets/media/preview/prebuilts/pages/modal-shareandearn.png]
[preview.keenthemes.com/metronic8/demo1/assets/media/preview/prebuilts/pages/modal-selectuser.png]
[preview.keenthemes.com/metronic8/demo1/assets/media/preview/prebuilts/pages/modal-placeyourbid.png]
[preview.keenthemes.com/metronic8/demo1/assets/media/preview/prebuilts/pages/modal-offeradeal.png]
[preview.keenthemes.com/metronic8/demo1/assets/media/preview/prebuilts/pages/modal-newtarget.png]
[preview.keenthemes.com/metronic8/demo1/assets/media/preview/prebuilts/pages/modal-newcard.png]
[preview.keenthemes.com/metronic8/demo1/assets/media/preview/prebuilts/pages/modal-newaddress.png]
[preview.keenthemes.com/metronic8/demo1/assets/media/preview/prebuilts/pages/modal-invitefriend.png]
[preview.keenthemes.com/metronic8/demo1/assets/media/preview/prebuilts/pages/modal-createproject.png]
[preview.keenthemes.com/metronic8/demo1/assets/media/preview/prebuilts/pages/modal-createcampaign.png]
[preview.keenthemes.com/metronic8/demo1/assets/media/preview/prebuilts/pages/modal-createbusinessacc.png]
[preview.keenthemes.com/metronic8/demo1/assets/media/preview/prebuilts/pages/modal-createapp.png]
[preview.keenthemes.com/metronic8/demo1/assets/media/preview/prebuilts/pages/modal-createapikey.png]
[preview.keenthemes.com/metronic8/demo1/assets/media/preview/prebuilts/pages/modal-2factorauth.png]
[preview.keenthemes.com/metronic8/demo1/assets/media/preview/prebuilts/pages/wizard-2factorauth.png]
[preview.keenthemes.com/metronic8/demo1/assets/media/preview/prebuilts/pages/wizard-horizontal.png]
[preview.keenthemes.com/metronic8/demo1/assets/media/preview/prebuilts/pages/wizard-vertical.png]
[preview.keenthemes.com/metronic8/demo1/assets/media/preview/prebuilts/pages/search-users.png]
[preview.keenthemes.com/metronic8/demo1/assets/media/preview/prebuilts/pages/search-horizontal.png]
[preview.keenthemes.com/metronic8/demo1/assets/media/preview/prebuilts/pages/search-vertical.png]
[preview.keenthemes.com/metronic8/demo1/assets/media/preview/prebuilts/pages/search-location.png]
[preview.keenthemes.com/metronic8/demo1/assets/media/preview/prebuilts/pages/widgets-charts.png]
[preview.keenthemes.com/metronic8/demo1/assets/media/preview/prebuilts/pages/widgets-feeds.png]
[preview.keenthemes.com/metronic8/demo1/assets/media/preview/prebuilts/pages/widgets-lists.png]
[preview.keenthemes.com/metronic8/demo1/assets/media/preview/prebuilts/pages/widgets-mixed.png]
[preview.keenthemes.com/metronic8/demo1/assets/media/preview/prebuilts/pages/widgets-stats.png]
[preview.keenthemes.com/metronic8/demo1/assets/media/preview/prebuilts/pages/widgets-tables.png]
[preview.keenthemes.com/metronic8/demo1/assets/media/preview/prebuilts/pages/email-welcome.png]
[preview.keenthemes.com/metronic8/demo1/assets/media/preview/prebuilts/pages/email-subscriptionconfirmed.png]
[preview.keenthemes.com/metronic8/demo1/assets/media/preview/prebuilts/pages/email-resetpassword.png]
[preview.keenthemes.com/metronic8/demo1/assets/media/preview/prebuilts/pages/email-creditcarddeclined.png]
[preview.keenthemes.com/metronic8/demo1/assets/media/preview/prebuilts/pages/email-promo1.png]
[preview.keenthemes.com/metronic8/demo1/assets/media/preview/prebuilts/pages/email-promo2.png]
[preview.keenthemes.com/metronic8/demo1/assets/media/preview/prebuilts/pages/email-promo3.png]
[preview.keenthemes.com/metronic8/demo1/assets/media/avatars/300-5.jpg]
[preview.keenthemes.com/metronic8/demo1/assets/media/avatars/300-13.jpg]
[preview.keenthemes.com/metronic8/demo1/assets/media/avatars/300-21.jpg]
[preview.keenthemes.com/metronic8/demo1/assets/plugins/global/plugins.bundle.js]
[preview.keenthemes.com/metronic8/demo1/assets/js/scripts.bundle.js]
[preview.keenthemes.com/metronic8/demo1/assets/plugins/custom/vis-timeline/vis-timeline.bundle.js]
[preview.keenthemes.com/metronic8/demo1/assets/plugins/custom/datatables/datatables.bundle.js]
[cdn.amcharts.com/lib/5/index.js]
[cdn.amcharts.com/lib/5/map.js]
[cdn.amcharts.com/lib/5/geodata/worldLow.js]
[cdn.amcharts.com/lib/5/geodata/usaLow.js]
[cdn.amcharts.com/lib/5/geodata/continentsLow.js]
[cdn.amcharts.com/lib/5/geodata/worldTimeZoneAreasLow.js]
[cdn.amcharts.com/lib/5/themes/Animated.js]
[cdn.amcharts.com/lib/5/xy.js]
[cdn.amcharts.com/lib/5/geodata/worldTimeZonesLow.js]
[cdn.amcharts.com/lib/5/percent.js]
[cdn.amcharts.com/lib/5/radar.js]
[preview.keenthemes.com/metronic8/demo1/assets/js/widgets.bundle.js]
[preview.keenthemes.com/metronic8/demo1/assets/js/custom/widgets.js]
[preview.keenthemes.com/metronic8/demo1/assets/js/custom/apps/chat/chat.js]
[preview.keenthemes.com/metronic8/demo1/assets/js/custom/utilities/modals/upgrade-plan.js]
[preview.keenthemes.com/metronic8/demo1/assets/js/custom/utilities/modals/bidding.js]
[preview.keenthemes.com/metronic8/demo1/dashboards/logistics.html]
[preview.keenthemes.com/metronic8/demo1/assets/js/custom/utilities/modals/users-search.js]
[fonts.googleapis.com/css7b91.css]
[preview.keenthemes.com/metronic8/demo1/assets/media/stock/ecommerce/210.gif]
[preview.keenthemes.com/metronic8/demo1/assets/media/stock/ecommerce/215.gif]
[preview.keenthemes.com/metronic8/demo1/assets/media/stock/ecommerce/209.gif]
[preview.keenthemes.com/metronic8/demo1/assets/media/stock/ecommerce/197.gif]
[preview.keenthemes.com/metronic8/demo1/assets/media/stock/ecommerce/178.gif]
[preview.keenthemes.com/metronic8/demo1/assets/media/stock/ecommerce/22.gif]
[preview.keenthemes.com/metronic8/demo1/assets/media/stock/ecommerce/1.gif]
[preview.keenthemes.com/metronic8/demo1/assets/media/stock/ecommerce/24.gif]
[preview.keenthemes.com/metronic8/demo1/assets/media/stock/ecommerce/71.gif]
[preview.keenthemes.com/metronic8/demo1/assets/media/stock/ecommerce/41.gif]
[preview.keenthemes.com/metronic8/demo1/assets/media/stock/ecommerce/63.gif]
[preview.keenthemes.com/metronic8/demo1/assets/media/stock/ecommerce/59.gif]
[preview.keenthemes.com/metronic8/demo1/assets/media/stock/ecommerce/10.gif]
[preview.keenthemes.com/metronic8/demo1/assets/media/stock/ecommerce/96.gif]
[preview.keenthemes.com/metronic8/demo1/assets/media/stock/ecommerce/13.gif]
[preview.keenthemes.com/metronic8/demo1/assets/media/stock/ecommerce/214.gif]
[preview.keenthemes.com/metronic8/demo1/assets/media/stock/ecommerce/211.gif]
[preview.keenthemes.com/metronic8/demo1/assets/media/stock/ecommerce/192.gif]
[preview.keenthemes.com/metronic8/demo1/dashboards/ecommerce.html]
[preview.keenthemes.com/metronic8/demo1/assets/media/stock/600x600/img-33.jpg]
[preview.keenthemes.com/metronic8/demo1/assets/media/avatars/300-3.jpg]
[preview.keenthemes.com/metronic8/demo1/assets/media/stock/600x600/img-49.jpg]
[preview.keenthemes.com/metronic8/demo1/assets/media/stock/600x600/img-40.jpg]
[preview.keenthemes.com/metronic8/demo1/assets/media/stock/600x600/img-39.jpg]
[preview.keenthemes.com/metronic8/demo1/assets/media/stock/600x600/img-47.jpg]
[preview.keenthemes.com/metronic8/demo1/assets/media/stock/600x600/img-48.jpg]
[preview.keenthemes.com/metronic8/demo1/assets/media/illustrations/sketchy-1/9.png]
